<?xml version="1.0" encoding="UTF-8"?>
<!-- Generated by org.testng.reporters.JUnitReportReporter -->
<testsuite hostname="DESKTOP-OL5560M" name="pkgtestmethods.TestCase1" tests="8" failures="0" timestamp="6 Sep 2018 03:07:26 GMT" time="1194.406" errors="0">
  <testcase name="TestReadNavigationMatrix" time="10.454" classname="pkgtestmethods.TestCase1"/>
  <testcase name="Test1" time="66.989" classname="pkgtestmethods.TestCase1"/>
  <testcase name="Test2" time="165.697" classname="pkgtestmethods.TestCase1"/>
  <testcase name="Test2" time="350.430" classname="pkgtestmethods.TestCase1"/>
  <testcase name="Test2" time="222.124" classname="pkgtestmethods.TestCase1"/>
  <testcase name="Test2" time="231.005" classname="pkgtestmethods.TestCase1"/>
  <testcase name="Test2" time="143.769" classname="pkgtestmethods.TestCase1"/>
  <testcase name="testWriteData" time="3.938" classname="pkgtestmethods.TestCase1"/>
</testsuite> <!-- pkgtestmethods.TestCase1 -->
